# JRE version: OpenJDK Runtime Environment (8.0_171-b11) (build 1.8.0_171-8u171-b11-0ubuntu0.16.04.1-b11)
# Java VM: OpenJDK 64-Bit Server VM (25.171-b11 mixed mode linux-amd64 compressed oops)
Heap:
 PSYoungGen      total 649216K, used 140099K [0x00000006eab00000, 0x000000074f300000, 0x00000007c0000000)
  eden space 182784K, 0% used [0x00000006eab00000,0x00000006eab00000,0x00000006f5d80000)
  from space 466432K, 30% used [0x000000071cf00000,0x00000007257d0ef8,0x0000000739680000)
  to   space 640512K, 0% used [0x00000006f5d80000,0x00000006f5d80000,0x000000071cf00000)
 ParOldGen       total 2296320K, used 2295987K [0x0000000540000000, 0x00000005cc280000, 0x00000006eab00000)
  object space 2296320K, 99% used [0x0000000540000000,0x00000005cc22ccb8,0x00000005cc280000)
 Metaspace       used 103408K, capacity 105008K, committed 105344K, reserved 1140736K
  class space    used 14221K, capacity 14607K, committed 14720K, reserved 1048576K
GC Heap History (10 events):
Event: 229.245 GC heap after
Heap after GC invocations=49 (full 11):
 PSYoungGen      total 649216K, used 4127K [0x00000006eab00000, 0x0000000727e80000, 0x00000007c0000000)
  eden space 307200K, 0% used [0x00000006eab00000,0x00000006eab00000,0x00000006fd700000)
  from space 342016K, 1% used [0x0000000712a80000,0x0000000712e87cf0,0x0000000727880000)
  to   space 347648K, 0% used [0x00000006fd700000,0x00000006fd700000,0x0000000712a80000)
 ParOldGen       total 2296320K, used 1693134K [0x0000000540000000, 0x00000005cc280000, 0x00000006eab00000)
  object space 2296320K, 73% used [0x0000000540000000,0x00000005a7573aa8,0x00000005cc280000)
 Metaspace       used 102350K, capacity 103828K, committed 104192K, reserved 1138688K
  class space    used 14112K, capacity 14469K, committed 14592K, reserved 1048576K
}
Event: 241.143 GC heap before
{Heap before GC invocations=50 (full 11):
 PSYoungGen      total 649216K, used 311327K [0x00000006eab00000, 0x0000000727e80000, 0x00000007c0000000)
  eden space 307200K, 100% used [0x00000006eab00000,0x00000006fd700000,0x00000006fd700000)
  from space 342016K, 1% used [0x0000000712a80000,0x0000000712e87cf0,0x0000000727880000)
  to   space 347648K, 0% used [0x00000006fd700000,0x00000006fd700000,0x0000000712a80000)
 ParOldGen       total 2296320K, used 1693134K [0x0000000540000000, 0x00000005cc280000, 0x00000006eab00000)
  object space 2296320K, 73% used [0x0000000540000000,0x00000005a7573aa8,0x00000005cc280000)
 Metaspace       used 103368K, capacity 104944K, committed 105088K, reserved 1140736K
  class space    used 14221K, capacity 14607K, committed 14720K, reserved 1048576K
Event: 241.188 GC heap after
Heap after GC invocations=50 (full 11):
 PSYoungGen      total 654848K, used 5133K [0x00000006eab00000, 0x0000000729a80000, 0x00000007c0000000)
  eden space 307200K, 0% used [0x00000006eab00000,0x00000006eab00000,0x00000006fd700000)
  from space 347648K, 1% used [0x00000006fd700000,0x00000006fdc03680,0x0000000712a80000)
  to   space 348672K, 0% used [0x0000000714600000,0x0000000714600000,0x0000000729a80000)
 ParOldGen       total 2296320K, used 1693142K [0x0000000540000000, 0x00000005cc280000, 0x00000006eab00000)
  object space 2296320K, 73% used [0x0000000540000000,0x00000005a7575aa8,0x00000005cc280000)
 Metaspace       used 103368K, capacity 104944K, committed 105088K, reserved 1140736K
  class space    used 14221K, capacity 14607K, committed 14720K, reserved 1048576K
}
Event: 246.733 GC heap before
{Heap before GC invocations=51 (full 11):
 PSYoungGen      total 654848K, used 312333K [0x00000006eab00000, 0x0000000729a80000, 0x00000007c0000000)
  eden space 307200K, 100% used [0x00000006eab00000,0x00000006fd700000,0x00000006fd700000)
  from space 347648K, 1% used [0x00000006fd700000,0x00000006fdc03680,0x0000000712a80000)
  to   space 348672K, 0% used [0x0000000714600000,0x0000000714600000,0x0000000729a80000)
 ParOldGen       total 2296320K, used 1693142K [0x0000000540000000, 0x00000005cc280000, 0x00000006eab00000)
  object space 2296320K, 73% used [0x0000000540000000,0x00000005a7575aa8,0x00000005cc280000)
 Metaspace       used 103412K, capacity 105014K, committed 105344K, reserved 1140736K
  class space    used 14222K, capacity 14608K, committed 14720K, reserved 1048576K
Event: 246.862 GC heap after
Heap after GC invocations=51 (full 11):
 PSYoungGen      total 678912K, used 193182K [0x00000006eab00000, 0x0000000729d80000, 0x00000007c0000000)
  eden space 330240K, 0% used [0x00000006eab00000,0x00000006eab00000,0x00000006fed80000)
  from space 348672K, 55% used [0x0000000714600000,0x00000007202a7bf0,0x0000000729a80000)
  to   space 352256K, 0% used [0x00000006fed80000,0x00000006fed80000,0x0000000714580000)
 ParOldGen       total 2296320K, used 1693142K [0x0000000540000000, 0x00000005cc280000, 0x00000006eab00000)
  object space 2296320K, 73% used [0x0000000540000000,0x00000005a7575aa8,0x00000005cc280000)
 Metaspace       used 103412K, capacity 105014K, committed 105344K, reserved 1140736K
  class space    used 14222K, capacity 14608K, committed 14720K, reserved 1048576K
}
Event: 247.353 GC heap before
{Heap before GC invocations=52 (full 11):
 PSYoungGen      total 678912K, used 523422K [0x00000006eab00000, 0x0000000729d80000, 0x00000007c0000000)
  eden space 330240K, 100% used [0x00000006eab00000,0x00000006fed80000,0x00000006fed80000)
  from space 348672K, 55% used [0x0000000714600000,0x00000007202a7bf0,0x0000000729a80000)
  to   space 352256K, 0% used [0x00000006fed80000,0x00000006fed80000,0x0000000714580000)
 ParOldGen       total 2296320K, used 1693142K [0x0000000540000000, 0x00000005cc280000, 0x00000006eab00000)
  object space 2296320K, 73% used [0x0000000540000000,0x00000005a7575aa8,0x00000005cc280000)
 Metaspace       used 103412K, capacity 105014K, committed 105344K, reserved 1140736K
  class space    used 14222K, capacity 14608K, committed 14720K, reserved 1048576K
Event: 247.558 GC heap after
Heap after GC invocations=52 (full 11):
 PSYoungGen      total 682496K, used 352250K [0x00000006eab00000, 0x0000000739680000, 0x00000007c0000000)
  eden space 330240K, 0% used [0x00000006eab00000,0x00000006eab00000,0x00000006fed80000)
  from space 352256K, 99% used [0x00000006fed80000,0x000000071457eab0,0x0000000714580000)
  to   space 466432K, 0% used [0x000000071cf00000,0x000000071cf00000,0x0000000739680000)
 ParOldGen       total 2296320K, used 1839877K [0x0000000540000000, 0x00000005cc280000, 0x00000006eab00000)
  object space 2296320K, 80% used [0x0000000540000000,0x00000005b04c1430,0x00000005cc280000)
 Metaspace       used 103412K, capacity 105014K, committed 105344K, reserved 1140736K
  class space    used 14222K, capacity 14608K, committed 14720K, reserved 1048576K
}
Event: 248.088 GC heap before
{Heap before GC invocations=53 (full 11):
 PSYoungGen      total 682496K, used 682490K [0x00000006eab00000, 0x0000000739680000, 0x00000007c0000000)
  eden space 330240K, 100% used [0x00000006eab00000,0x00000006fed80000,0x00000006fed80000)
  from space 352256K, 99% used [0x00000006fed80000,0x000000071457eab0,0x0000000714580000)
  to   space 466432K, 0% used [0x000000071cf00000,0x000000071cf00000,0x0000000739680000)
 ParOldGen       total 2296320K, used 1839877K [0x0000000540000000, 0x00000005cc280000, 0x00000006eab00000)
  object space 2296320K, 80% used [0x0000000540000000,0x00000005b04c1430,0x00000005cc280000)
 Metaspace       used 103412K, capacity 105014K, committed 105344K, reserved 1140736K
  class space    used 14222K, capacity 14608K, committed 14720K, reserved 1048576K
Event: 248.911 GC heap after
Heap after GC invocations=53 (full 11):
 PSYoungGen      total 649216K, used 466429K [0x00000006eab00000, 0x000000074f300000, 0x00000007c0000000)
  eden space 182784K, 0% used [0x00000006eab00000,0x00000006eab00000,0x00000006f5d80000)
  from space 466432K, 99% used [0x000000071cf00000,0x000000073967f418,0x0000000739680000)
  to   space 640512K, 0% used [0x00000006f5d80000,0x00000006f5d80000,0x000000071cf00000)
 ParOldGen       total 2296320K, used 2090879K [0x0000000540000000, 0x00000005cc280000, 0x00000006eab00000)
  object space 2296320K, 91% used [0x0000000540000000,0x00000005bf9dfc40,0x00000005cc280000)
 Metaspace       used 103412K, capacity 105014K, committed 105344K, reserved 1140736K
  class space    used 14222K, capacity 14608K, committed 14720K, reserved 1048576K
}
Event: 248.911 GC heap before
{Heap before GC invocations=54 (full 12):
 PSYoungGen      total 649216K, used 466429K [0x00000006eab00000, 0x000000074f300000, 0x00000007c0000000)
  eden space 182784K, 0% used [0x00000006eab00000,0x00000006eab00000,0x00000006f5d80000)
  from space 466432K, 99% used [0x000000071cf00000,0x000000073967f418,0x0000000739680000)
  to   space 640512K, 0% used [0x00000006f5d80000,0x00000006f5d80000,0x000000071cf00000)
 ParOldGen       total 2296320K, used 2090879K [0x0000000540000000, 0x00000005cc280000, 0x00000006eab00000)
  object space 2296320K, 91% used [0x0000000540000000,0x00000005bf9dfc40,0x00000005cc280000)
 Metaspace       used 103412K, capacity 105014K, committed 105344K, reserved 1140736K
  class space    used 14222K, capacity 14608K, committed 14720K, reserved 1048576K

