# JRE version: OpenJDK Runtime Environment (8.0_171-b11) (build 1.8.0_171-8u171-b11-0ubuntu0.16.04.1-b11)
# Java VM: OpenJDK 64-Bit Server VM (25.171-b11 mixed mode linux-amd64 compressed oops)
Heap:
 PSYoungGen      total 1165824K, used 393216K [0x00000006eab00000, 0x000000075dd00000, 0x00000007c0000000)
  eden space 506880K, 0% used [0x00000006eab00000,0x00000006eab00000,0x0000000709a00000)
  from space 658944K, 59% used [0x0000000732e80000,0x000000074ae80290,0x000000075b200000)
  to   space 676352K, 0% used [0x0000000709a00000,0x0000000709a00000,0x0000000732e80000)
 ParOldGen       total 2525696K, used 2488918K [0x0000000540000000, 0x00000005da280000, 0x00000006eab00000)
  object space 2525696K, 98% used [0x0000000540000000,0x00000005d7e95a98,0x00000005da280000)
 Metaspace       used 92655K, capacity 93776K, committed 94040K, reserved 1130496K
  class space    used 12879K, capacity 13145K, committed 13184K, reserved 1048576K
GC Heap History (10 events):
Event: 75.833 GC heap after
Heap after GC invocations=27 (full 8):
 PSYoungGen      total 930304K, used 394310K [0x00000006eab00000, 0x000000074fd00000, 0x00000007c0000000)
  eden space 373248K, 0% used [0x00000006eab00000,0x00000006eab00000,0x0000000701780000)
  from space 557056K, 70% used [0x0000000701780000,0x0000000719891b70,0x0000000723780000)
  to   space 601088K, 0% used [0x000000072b200000,0x000000072b200000,0x000000074fd00000)
 ParOldGen       total 1911296K, used 1516262K [0x0000000540000000, 0x00000005b4a80000, 0x00000006eab00000)
  object space 1911296K, 79% used [0x0000000540000000,0x000000059c8b9808,0x00000005b4a80000)
 Metaspace       used 92624K, capacity 93712K, committed 93784K, reserved 1130496K
  class space    used 12879K, capacity 13145K, committed 13184K, reserved 1048576K
}
Event: 76.210 GC heap before
{Heap before GC invocations=28 (full 8):
 PSYoungGen      total 930304K, used 728621K [0x00000006eab00000, 0x000000074fd00000, 0x00000007c0000000)
  eden space 373248K, 89% used [0x00000006eab00000,0x00000006ff179c10,0x0000000701780000)
  from space 557056K, 70% used [0x0000000701780000,0x0000000719891b70,0x0000000723780000)
  to   space 601088K, 0% used [0x000000072b200000,0x000000072b200000,0x000000074fd00000)
 ParOldGen       total 1911296K, used 1516262K [0x0000000540000000, 0x00000005b4a80000, 0x00000006eab00000)
  object space 1911296K, 79% used [0x0000000540000000,0x000000059c8b9808,0x00000005b4a80000)
 Metaspace       used 92652K, capacity 93776K, committed 94040K, reserved 1130496K
  class space    used 12879K, capacity 13145K, committed 13184K, reserved 1048576K
Event: 77.245 GC heap after
Heap after GC invocations=28 (full 8):
 PSYoungGen      total 1022464K, used 393280K [0x00000006eab00000, 0x0000000754b80000, 0x00000007c0000000)
  eden space 421376K, 0% used [0x00000006eab00000,0x00000006eab00000,0x0000000704680000)
  from space 601088K, 65% used [0x000000072b200000,0x0000000743210060,0x000000074fd00000)
  to   space 634368K, 0% used [0x0000000704680000,0x0000000704680000,0x000000072b200000)
 ParOldGen       total 1911296K, used 1845586K [0x0000000540000000, 0x00000005b4a80000, 0x00000006eab00000)
  object space 1911296K, 96% used [0x0000000540000000,0x00000005b0a54908,0x00000005b4a80000)
 Metaspace       used 92652K, capacity 93776K, committed 94040K, reserved 1130496K
  class space    used 12879K, capacity 13145K, committed 13184K, reserved 1048576K
}
Event: 77.245 GC heap before
{Heap before GC invocations=29 (full 9):
 PSYoungGen      total 1022464K, used 393280K [0x00000006eab00000, 0x0000000754b80000, 0x00000007c0000000)
  eden space 421376K, 0% used [0x00000006eab00000,0x00000006eab00000,0x0000000704680000)
  from space 601088K, 65% used [0x000000072b200000,0x0000000743210060,0x000000074fd00000)
  to   space 634368K, 0% used [0x0000000704680000,0x0000000704680000,0x000000072b200000)
 ParOldGen       total 1911296K, used 1845586K [0x0000000540000000, 0x00000005b4a80000, 0x00000006eab00000)
  object space 1911296K, 96% used [0x0000000540000000,0x00000005b0a54908,0x00000005b4a80000)
 Metaspace       used 92652K, capacity 93776K, committed 94040K, reserved 1130496K
  class space    used 12879K, capacity 13145K, committed 13184K, reserved 1048576K
Event: 78.377 GC heap after
Heap after GC invocations=29 (full 9):
 PSYoungGen      total 1022464K, used 196608K [0x00000006eab00000, 0x0000000754b80000, 0x00000007c0000000)
  eden space 421376K, 0% used [0x00000006eab00000,0x00000006eab00000,0x0000000704680000)
  from space 601088K, 32% used [0x000000072b200000,0x00000007372000a8,0x000000074fd00000)
  to   space 634368K, 0% used [0x0000000704680000,0x0000000704680000,0x000000072b200000)
 ParOldGen       total 2459648K, used 1899099K [0x0000000540000000, 0x00000005d6200000, 0x00000006eab00000)
  object space 2459648K, 77% used [0x0000000540000000,0x00000005b3e96ca0,0x00000005d6200000)
 Metaspace       used 92652K, capacity 93776K, committed 94040K, reserved 1130496K
  class space    used 12879K, capacity 13145K, committed 13184K, reserved 1048576K
}
Event: 78.795 GC heap before
{Heap before GC invocations=30 (full 9):
 PSYoungGen      total 1022464K, used 597551K [0x00000006eab00000, 0x0000000754b80000, 0x00000007c0000000)
  eden space 421376K, 95% used [0x00000006eab00000,0x000000070328bbb8,0x0000000704680000)
  from space 601088K, 32% used [0x000000072b200000,0x00000007372000a8,0x000000074fd00000)
  to   space 634368K, 0% used [0x0000000704680000,0x0000000704680000,0x000000072b200000)
 ParOldGen       total 2459648K, used 1899099K [0x0000000540000000, 0x00000005d6200000, 0x00000006eab00000)
  object space 2459648K, 77% used [0x0000000540000000,0x00000005b3e96ca0,0x00000005d6200000)
 Metaspace       used 92654K, capacity 93776K, committed 94040K, reserved 1130496K
  class space    used 12879K, capacity 13145K, committed 13184K, reserved 1048576K
Event: 79.493 GC heap after
Heap after GC invocations=30 (full 9):
 PSYoungGen      total 1055744K, used 393248K [0x00000006eab00000, 0x000000075b200000, 0x00000007c0000000)
  eden space 421376K, 0% used [0x00000006eab00000,0x00000006eab00000,0x0000000704680000)
  from space 634368K, 61% used [0x0000000704680000,0x000000071c688060,0x000000072b200000)
  to   space 658944K, 0% used [0x0000000732e80000,0x0000000732e80000,0x000000075b200000)
 ParOldGen       total 2459648K, used 2095715K [0x0000000540000000, 0x00000005d6200000, 0x00000006eab00000)
  object space 2459648K, 85% used [0x0000000540000000,0x00000005bfe98cd0,0x00000005d6200000)
 Metaspace       used 92654K, capacity 93776K, committed 94040K, reserved 1130496K
  class space    used 12879K, capacity 13145K, committed 13184K, reserved 1048576K
}
Event: 79.899 GC heap before
{Heap before GC invocations=31 (full 9):
 PSYoungGen      total 1055744K, used 794302K [0x00000006eab00000, 0x000000075b200000, 0x00000007c0000000)
  eden space 421376K, 95% used [0x00000006eab00000,0x00000007032a77a0,0x0000000704680000)
  from space 634368K, 61% used [0x0000000704680000,0x000000071c688060,0x000000072b200000)
  to   space 658944K, 0% used [0x0000000732e80000,0x0000000732e80000,0x000000075b200000)
 ParOldGen       total 2459648K, used 2095715K [0x0000000540000000, 0x00000005d6200000, 0x00000006eab00000)
  object space 2459648K, 85% used [0x0000000540000000,0x00000005bfe98cd0,0x00000005d6200000)
 Metaspace       used 92655K, capacity 93776K, committed 94040K, reserved 1130496K
  class space    used 12879K, capacity 13145K, committed 13184K, reserved 1048576K
Event: 81.029 GC heap after
Heap after GC invocations=31 (full 9):
 PSYoungGen      total 1165824K, used 393280K [0x00000006eab00000, 0x000000075dd00000, 0x00000007c0000000)
  eden space 506880K, 0% used [0x00000006eab00000,0x00000006eab00000,0x0000000709a00000)
  from space 658944K, 59% used [0x0000000732e80000,0x000000074ae90060,0x000000075b200000)
  to   space 676352K, 0% used [0x0000000709a00000,0x0000000709a00000,0x0000000732e80000)
 ParOldGen       total 2525696K, used 2488947K [0x0000000540000000, 0x00000005da280000, 0x00000006eab00000)
  object space 2525696K, 98% used [0x0000000540000000,0x00000005d7e9cd30,0x00000005da280000)
 Metaspace       used 92655K, capacity 93776K, committed 94040K, reserved 1130496K
  class space    used 12879K, capacity 13145K, committed 13184K, reserved 1048576K
}
Event: 81.029 GC heap before
{Heap before GC invocations=32 (full 10):
 PSYoungGen      total 1165824K, used 393280K [0x00000006eab00000, 0x000000075dd00000, 0x00000007c0000000)
  eden space 506880K, 0% used [0x00000006eab00000,0x00000006eab00000,0x0000000709a00000)
  from space 658944K, 59% used [0x0000000732e80000,0x000000074ae90060,0x000000075b200000)
  to   space 676352K, 0% used [0x0000000709a00000,0x0000000709a00000,0x0000000732e80000)
 ParOldGen       total 2525696K, used 2488947K [0x0000000540000000, 0x00000005da280000, 0x00000006eab00000)
  object space 2525696K, 98% used [0x0000000540000000,0x00000005d7e9cd30,0x00000005da280000)
 Metaspace       used 92655K, capacity 93776K, committed 94040K, reserved 1130496K
  class space    used 12879K, capacity 13145K, committed 13184K, reserved 1048576K

