# JRE version: OpenJDK Runtime Environment (8.0_171-b11) (build 1.8.0_171-8u171-b11-0ubuntu0.16.04.1-b11)
# Java VM: OpenJDK 64-Bit Server VM (25.171-b11 mixed mode linux-amd64 compressed oops)
Heap:
 PSYoungGen      total 642560K, used 65536K [0x00000006eab00000, 0x000000072c000000, 0x00000007c0000000)
  eden space 201728K, 0% used [0x00000006eab00000,0x00000006eab00000,0x00000006f7000000)
  from space 440832K, 14% used [0x00000006f7000000,0x00000006fb000010,0x0000000711e80000)
  to   space 419328K, 0% used [0x0000000712680000,0x0000000712680000,0x000000072c000000)
 ParOldGen       total 2640384K, used 2619974K [0x0000000540000000, 0x00000005e1280000, 0x00000006eab00000)
  object space 2640384K, 99% used [0x0000000540000000,0x00000005dfe918e8,0x00000005e1280000)
 Metaspace       used 92703K, capacity 93776K, committed 93824K, reserved 1130496K
  class space    used 12885K, capacity 13145K, committed 13184K, reserved 1048576K
GC Heap History (10 events):
Event: 112.674 GC heap after
Heap after GC invocations=45 (full 9):
 PSYoungGen      total 593408K, used 393280K [0x00000006eab00000, 0x0000000732d80000, 0x00000007c0000000)
  eden space 176640K, 0% used [0x00000006eab00000,0x00000006eab00000,0x00000006f5780000)
  from space 416768K, 94% used [0x0000000712580000,0x000000072a590060,0x000000072bc80000)
  to   space 473088K, 0% used [0x00000006f5780000,0x00000006f5780000,0x0000000712580000)
 ParOldGen       total 2150400K, used 1899179K [0x0000000540000000, 0x00000005c3400000, 0x00000006eab00000)
  object space 2150400K, 88% used [0x0000000540000000,0x00000005b3eaaeb0,0x00000005c3400000)
 Metaspace       used 92699K, capacity 93776K, committed 93824K, reserved 1130496K
  class space    used 12885K, capacity 13145K, committed 13184K, reserved 1048576K
}
Event: 112.674 GC heap before
{Heap before GC invocations=46 (full 10):
 PSYoungGen      total 593408K, used 393280K [0x00000006eab00000, 0x0000000732d80000, 0x00000007c0000000)
  eden space 176640K, 0% used [0x00000006eab00000,0x00000006eab00000,0x00000006f5780000)
  from space 416768K, 94% used [0x0000000712580000,0x000000072a590060,0x000000072bc80000)
  to   space 473088K, 0% used [0x00000006f5780000,0x00000006f5780000,0x0000000712580000)
 ParOldGen       total 2150400K, used 1899179K [0x0000000540000000, 0x00000005c3400000, 0x00000006eab00000)
  object space 2150400K, 88% used [0x0000000540000000,0x00000005b3eaaeb0,0x00000005c3400000)
 Metaspace       used 92699K, capacity 93776K, committed 93824K, reserved 1130496K
  class space    used 12885K, capacity 13145K, committed 13184K, reserved 1048576K
Event: 114.132 GC heap after
Heap after GC invocations=46 (full 10):
 PSYoungGen      total 593408K, used 131072K [0x00000006eab00000, 0x0000000732d80000, 0x00000007c0000000)
  eden space 176640K, 0% used [0x00000006eab00000,0x00000006eab00000,0x00000006f5780000)
  from space 416768K, 31% used [0x0000000712580000,0x000000071a580020,0x000000072bc80000)
  to   space 473088K, 0% used [0x00000006f5780000,0x00000006f5780000,0x0000000712580000)
 ParOldGen       total 2640384K, used 2095685K [0x0000000540000000, 0x00000005e1280000, 0x00000006eab00000)
  object space 2640384K, 79% used [0x0000000540000000,0x00000005bfe916a8,0x00000005e1280000)
 Metaspace       used 92699K, capacity 93776K, committed 93824K, reserved 1130496K
  class space    used 12885K, capacity 13145K, committed 13184K, reserved 1048576K
}
Event: 114.264 GC heap before
{Heap before GC invocations=47 (full 10):
 PSYoungGen      total 593408K, used 265616K [0x00000006eab00000, 0x0000000732d80000, 0x00000007c0000000)
  eden space 176640K, 76% used [0x00000006eab00000,0x00000006f2e64290,0x00000006f5780000)
  from space 416768K, 31% used [0x0000000712580000,0x000000071a580020,0x000000072bc80000)
  to   space 473088K, 0% used [0x00000006f5780000,0x00000006f5780000,0x0000000712580000)
 ParOldGen       total 2640384K, used 2095685K [0x0000000540000000, 0x00000005e1280000, 0x00000006eab00000)
  object space 2640384K, 79% used [0x0000000540000000,0x00000005bfe916a8,0x00000005e1280000)
 Metaspace       used 92703K, capacity 93776K, committed 93824K, reserved 1130496K
  class space    used 12885K, capacity 13145K, committed 13184K, reserved 1048576K
Event: 114.593 GC heap after
Heap after GC invocations=47 (full 10):
 PSYoungGen      total 649728K, used 131136K [0x00000006eab00000, 0x000000072e980000, 0x00000007c0000000)
  eden space 176640K, 0% used [0x00000006eab00000,0x00000006eab00000,0x00000006f5780000)
  from space 473088K, 27% used [0x00000006f5780000,0x00000006fd790020,0x0000000712580000)
  to   space 456704K, 0% used [0x0000000712b80000,0x0000000712b80000,0x000000072e980000)
 ParOldGen       total 2640384K, used 2226757K [0x0000000540000000, 0x00000005e1280000, 0x00000006eab00000)
  object space 2640384K, 84% used [0x0000000540000000,0x00000005c7e916c8,0x00000005e1280000)
 Metaspace       used 92703K, capacity 93776K, committed 93824K, reserved 1130496K
  class space    used 12885K, capacity 13145K, committed 13184K, reserved 1048576K
}
Event: 114.664 GC heap before
{Heap before GC invocations=48 (full 10):
 PSYoungGen      total 649728K, used 265663K [0x00000006eab00000, 0x000000072e980000, 0x00000007c0000000)
  eden space 176640K, 76% used [0x00000006eab00000,0x00000006f2e5ff78,0x00000006f5780000)
  from space 473088K, 27% used [0x00000006f5780000,0x00000006fd790020,0x0000000712580000)
  to   space 456704K, 0% used [0x0000000712b80000,0x0000000712b80000,0x000000072e980000)
 ParOldGen       total 2640384K, used 2226757K [0x0000000540000000, 0x00000005e1280000, 0x00000006eab00000)
  object space 2640384K, 84% used [0x0000000540000000,0x00000005c7e916c8,0x00000005e1280000)
 Metaspace       used 92703K, capacity 93776K, committed 93824K, reserved 1130496K
  class space    used 12885K, capacity 13145K, committed 13184K, reserved 1048576K
Event: 114.895 GC heap after
Heap after GC invocations=48 (full 10):
 PSYoungGen      total 629248K, used 131136K [0x00000006eab00000, 0x000000072cd00000, 0x00000007c0000000)
  eden space 201728K, 0% used [0x00000006eab00000,0x00000006eab00000,0x00000006f7000000)
  from space 427520K, 30% used [0x0000000712b80000,0x000000071ab90020,0x000000072cd00000)
  to   space 440832K, 0% used [0x00000006f7000000,0x00000006f7000000,0x0000000711e80000)
 ParOldGen       total 2640384K, used 2357845K [0x0000000540000000, 0x00000005e1280000, 0x00000006eab00000)
  object space 2640384K, 89% used [0x0000000540000000,0x00000005cfe956e8,0x00000005e1280000)
 Metaspace       used 92703K, capacity 93776K, committed 93824K, reserved 1130496K
  class space    used 12885K, capacity 13145K, committed 13184K, reserved 1048576K
}
Event: 115.011 GC heap before
{Heap before GC invocations=49 (full 10):
 PSYoungGen      total 629248K, used 331686K [0x00000006eab00000, 0x000000072cd00000, 0x00000007c0000000)
  eden space 201728K, 99% used [0x00000006eab00000,0x00000006f6ed9800,0x00000006f7000000)
  from space 427520K, 30% used [0x0000000712b80000,0x000000071ab90020,0x000000072cd00000)
  to   space 440832K, 0% used [0x00000006f7000000,0x00000006f7000000,0x0000000711e80000)
 ParOldGen       total 2640384K, used 2357845K [0x0000000540000000, 0x00000005e1280000, 0x00000006eab00000)
  object space 2640384K, 89% used [0x0000000540000000,0x00000005cfe956e8,0x00000005e1280000)
 Metaspace       used 92703K, capacity 93776K, committed 93824K, reserved 1130496K
  class space    used 12885K, capacity 13145K, committed 13184K, reserved 1048576K
Event: 115.200 GC heap after
Heap after GC invocations=49 (full 10):
 PSYoungGen      total 642560K, used 196640K [0x00000006eab00000, 0x000000072c000000, 0x00000007c0000000)
  eden space 201728K, 0% used [0x00000006eab00000,0x00000006eab00000,0x00000006f7000000)
  from space 440832K, 44% used [0x00000006f7000000,0x0000000703008030,0x0000000711e80000)
  to   space 419328K, 0% used [0x0000000712680000,0x0000000712680000,0x000000072c000000)
 ParOldGen       total 2640384K, used 2488925K [0x0000000540000000, 0x00000005e1280000, 0x00000006eab00000)
  object space 2640384K, 94% used [0x0000000540000000,0x00000005d7e97708,0x00000005e1280000)
 Metaspace       used 92703K, capacity 93776K, committed 93824K, reserved 1130496K
  class space    used 12885K, capacity 13145K, committed 13184K, reserved 1048576K
}
Event: 115.200 GC heap before
{Heap before GC invocations=50 (full 11):
 PSYoungGen      total 642560K, used 196640K [0x00000006eab00000, 0x000000072c000000, 0x00000007c0000000)
  eden space 201728K, 0% used [0x00000006eab00000,0x00000006eab00000,0x00000006f7000000)
  from space 440832K, 44% used [0x00000006f7000000,0x0000000703008030,0x0000000711e80000)
  to   space 419328K, 0% used [0x0000000712680000,0x0000000712680000,0x000000072c000000)
 ParOldGen       total 2640384K, used 2488925K [0x0000000540000000, 0x00000005e1280000, 0x00000006eab00000)
  object space 2640384K, 94% used [0x0000000540000000,0x00000005d7e97708,0x00000005e1280000)
 Metaspace       used 92703K, capacity 93776K, committed 93824K, reserved 1130496K
  class space    used 12885K, capacity 13145K, committed 13184K, reserved 1048576K

